[    0.000000] Initializing cgroup subsys cpuset
[    0.000000] Initializing cgroup subsys cpu
[    0.000000] Initializing cgroup subsys cpuacct
[    0.000000] Linux version 4.4.0-169-generic (buildd@lgw01-amd64-022) (gcc version 5.4.0 20160609 (Ubuntu 5.4.0-6ubuntu1~16.04.12) ) #198-Ubuntu SMP Tue Nov 12 10:34:23 UTC 2019 (Ubuntu 4.4.0-169.198-generic 4.4.197)
[    0.000000] KERNEL supported cpus:
[    0.000000]   Intel GenuineIntel
[    0.000000]   AMD AuthenticAMD
[    0.000000]   NSC Geode by NSC
[    0.000000]   Cyrix CyrixInstead
[    0.000000]   Centaur CentaurHauls
[    0.000000]   Transmeta GenuineTMx86
[    0.000000]   Transmeta TransmetaCPU
[    0.000000]   UMC UMC UMC UMC
[    0.000000] x86/fpu: xstate_offset[2]:  576, xstate_sizes[2]:  256
[    0.000000] x86/fpu: Supporting XSAVE feature 0x01: 'x87 floating point registers'
[    0.000000] x86/fpu: Supporting XSAVE feature 0x02: 'SSE registers'
[    0.000000] x86/fpu: Supporting XSAVE feature 0x04: 'AVX registers'
[    0.000000] x86/fpu: Enabled xstate features 0x7, context size is 832 bytes, using 'standard' format.
[    0.000000] e820: BIOS-provided physical RAM map:
[    0.000000] BIOS-e820: [mem 0x0000000000000000-0x000000000009fbff] usable
[    0.000000] BIOS-e820: [mem 0x000000000009fc00-0x000000000009ffff] reserved
[    0.000000] BIOS-e820: [mem 0x00000000000f0000-0x00000000000fffff] reserved
[    0.000000] BIOS-e820: [mem 0x0000000000100000-0x000000003ffeffff] usable
[    0.000000] BIOS-e820: [mem 0x000000003fff0000-0x000000003fffffff] ACPI data
[    0.000000] BIOS-e820: [mem 0x00000000fec00000-0x00000000fec00fff] reserved
[    0.000000] BIOS-e820: [mem 0x00000000fee00000-0x00000000fee00fff] reserved
[    0.000000] BIOS-e820: [mem 0x00000000fffc0000-0x00000000ffffffff] reserved
[    0.000000] NX (Execute Disable) protection: active
[    0.000000] SMBIOS 2.5 present.
[    0.000000] Hypervisor detected: KVM
[    0.000000] e820: last_pfn = 0x3fff0 max_arch_pfn = 0x1000000
[    0.000000] MTRR: Disabled
[    0.000000] x86/PAT: MTRRs disabled, skipping PAT initialization too.
[    0.000000] CPU MTRRs all blank - virtualized system.
[    0.000000] x86/PAT: Configuration [0-7]: WB  WT  UC- UC  WB  WT  UC- UC  
[    0.000000] found SMP MP-table at [mem 0x0009fff0-0x0009ffff] mapped at [c009fff0]
[    0.000000] Scanning 1 areas for low memory corruption
[    0.000000] RAMDISK: [mem 0x3630c000-0x3717dfff]
[    0.000000] ACPI: Early table checksum verification disabled
[    0.000000] ACPI: RSDP 0x00000000000E0000 000024 (v02 VBOX  )
[    0.000000] ACPI: XSDT 0x000000003FFF0030 00003C (v01 VBOX   VBOXXSDT 00000001 ASL  00000061)
[    0.000000] ACPI: FACP 0x000000003FFF00F0 0000F4 (v04 VBOX   VBOXFACP 00000001 ASL  00000061)
[    0.000000] ACPI: DSDT 0x000000003FFF0470 0022EA (v02 VBOX   VBOXBIOS 00000002 INTL 20100528)
[    0.000000] ACPI: FACS 0x000000003FFF0200 000040
[    0.000000] ACPI: FACS 0x000000003FFF0200 000040
[    0.000000] ACPI: APIC 0x000000003FFF0240 00005C (v02 VBOX   VBOXAPIC 00000001 ASL  00000061)
[    0.000000] ACPI: SSDT 0x000000003FFF02A0 0001CC (v01 VBOX   VBOXCPUT 00000002 INTL 20100528)
[    0.000000] 131MB HIGHMEM available.
[    0.000000] 891MB LOWMEM available.
[    0.000000]   mapped low ram: 0 - 37bfe000
[    0.000000]   low ram: 0 - 37bfe000
[    0.000000] kvm-clock: Using msrs 4b564d01 and 4b564d00
[    0.000000] kvm-clock: cpu 0, msr 0:37bfd001, primary cpu clock
[    0.000000] kvm-clock: using sched offset of 3619667699 cycles
[    0.000000] clocksource: kvm-clock: mask: 0xffffffffffffffff max_cycles: 0x1cd42e4dffb, max_idle_ns: 881590591483 ns
[    0.000000] Zone ranges:
[    0.000000]   DMA      [mem 0x0000000000001000-0x0000000000ffffff]
[    0.000000]   Normal   [mem 0x0000000001000000-0x0000000037bfdfff]
[    0.000000]   HighMem  [mem 0x0000000037bfe000-0x000000003ffeffff]
[    0.000000] Movable zone start for each node
[    0.000000] Early memory node ranges
[    0.000000]   node   0: [mem 0x0000000000001000-0x000000000009efff]
[    0.000000]   node   0: [mem 0x0000000000100000-0x000000003ffeffff]
[    0.000000] Initmem setup node 0 [mem 0x0000000000001000-0x000000003ffeffff]
[    0.000000] Using APIC driver default
[    0.000000] ACPI: PM-Timer IO Port: 0x4008
[    0.000000] IOAPIC[0]: apic_id 2, version 32, address 0xfec00000, GSI 0-23
[    0.000000] ACPI: INT_SRC_OVR (bus 0 bus_irq 0 global_irq 2 dfl dfl)
[    0.000000] ACPI: INT_SRC_OVR (bus 0 bus_irq 9 global_irq 9 low level)
[    0.000000] Using ACPI (MADT) for SMP configuration information
[    0.000000] smpboot: Allowing 2 CPUs, 0 hotplug CPUs
[    0.000000] PM: Registered nosave memory: [mem 0x00000000-0x00000fff]
[    0.000000] PM: Registered nosave memory: [mem 0x0009f000-0x0009ffff]
[    0.000000] PM: Registered nosave memory: [mem 0x000a0000-0x000effff]
[    0.000000] PM: Registered nosave memory: [mem 0x000f0000-0x000fffff]
[    0.000000] e820: [mem 0x40000000-0xfebfffff] available for PCI devices
[    0.000000] Booting paravirtualized kernel on KVM
[    0.000000] clocksource: refined-jiffies: mask: 0xffffffff max_cycles: 0xffffffff, max_idle_ns: 7645519600211568 ns
[    0.000000] setup_percpu: NR_CPUS:8 nr_cpumask_bits:8 nr_cpu_ids:2 nr_node_ids:1
[    0.000000] PERCPU: Embedded 18 pages/cpu @f71b2000 s43276 r0 d30452 u73728
[    0.000000] Built 1 zonelists in Zone order, mobility grouping on.  Total pages: 259800
[    0.000000] Kernel command line: BOOT_IMAGE=/boot/vmlinuz-4.4.0-169-generic root=UUID=b8099a9e-98bd-444e-ab16-117213ecce41 ro console=tty1 console=ttyS0
[    0.000000] PID hash table entries: 4096 (order: 2, 16384 bytes)
[    0.000000] Dentry cache hash table entries: 131072 (order: 7, 524288 bytes)
[    0.000000] Inode-cache hash table entries: 65536 (order: 6, 262144 bytes)
[    0.000000] Initializing CPU#0
[    0.000000] Initializing HighMem for node 0 (00037bfe:0003fff0)
[    0.000000] Initializing Movable for node 0 (00000000:00000000)
[    0.000000] Memory: 1007924K/1048120K available (8133K kernel code, 790K rwdata, 3212K rodata, 936K init, 788K bss, 40196K reserved, 0K cma-reserved, 135112K highmem)
[    0.000000] virtual kernel memory layout:
[    0.000000]     fixmap  : 0xfff15000 - 0xfffff000   ( 936 kB)
[    0.000000]     pkmap   : 0xffc00000 - 0xffe00000   (2048 kB)
[    0.000000]     vmalloc : 0xf83fe000 - 0xffbfe000   ( 120 MB)
[    0.000000]     lowmem  : 0xc0000000 - 0xf7bfe000   ( 891 MB)
[    0.000000]       .init : 0xc1bdd000 - 0xc1cc7000   ( 936 kB)
[    0.000000]       .data : 0xc17f1788 - 0xc1bdb980   (4008 kB)
[    0.000000]       .text : 0xc1000000 - 0xc17f1788   (8133 kB)
[    0.000000] Checking if this processor honours the WP bit even in supervisor mode...Ok.
[    0.000000] SLUB: HWalign=64, Order=0-3, MinObjects=0, CPUs=2, Nodes=1
[    0.000000] Hierarchical RCU implementation.
[    0.000000] 	Build-time adjustment of leaf fanout to 32.
[    0.000000] 	RCU restricting CPUs from NR_CPUS=8 to nr_cpu_ids=2.
[    0.000000] RCU: Adjusting geometry for rcu_fanout_leaf=32, nr_cpu_ids=2
[    0.000000] NR_IRQS:2304 nr_irqs:440 16
[    0.000000] Console: colour VGA+ 80x25
[    0.000000] console [tty1] enabled
[    0.000000] console [ttyS0] enabled
[    0.000000] allocated 1048576 bytes of page_ext
[    0.000000] tsc: Detected 2207.996 MHz processor
[    0.334003] Calibrating delay loop (skipped) preset value.. 4415.99 BogoMIPS (lpj=8831984)
[    0.335590] pid_max: default: 32768 minimum: 301
[    0.336452] ACPI: Core revision 20150930
[    0.338672] ACPI: 2 ACPI AML tables successfully acquired and loaded
[    0.340024] Security Framework initialized
[    0.341032] Yama: becoming mindful.
[    0.341778] AppArmor: AppArmor initialized
[    0.342591] Mount-cache hash table entries: 2048 (order: 1, 8192 bytes)
[    0.343733] Mountpoint-cache hash table entries: 2048 (order: 1, 8192 bytes)
[    0.347609] Initializing cgroup subsys io
[    0.350945] Initializing cgroup subsys memory
[    0.356111] Initializing cgroup subsys devices
[    0.356983] Initializing cgroup subsys freezer
[    0.357880] Initializing cgroup subsys net_cls
[    0.358742] Initializing cgroup subsys perf_event
[    0.360338] Initializing cgroup subsys net_prio
[    0.361182] Initializing cgroup subsys hugetlb
[    0.363633] Initializing cgroup subsys pids
[    0.366405] mce: CPU supports 0 MCE banks
[    0.367231] Last level iTLB entries: 4KB 64, 2MB 8, 4MB 8
[    0.368229] Last level dTLB entries: 4KB 64, 2MB 0, 4MB 0, 1GB 4
[    0.369378] Spectre V1 : Mitigation: usercopy/swapgs barriers and __user pointer sanitization
[    0.371408] Spectre V2 : Mitigation: Full generic retpoline
[    0.372482] Spectre V2 : Spectre v2 / SpectreRSB mitigation: Filling RSB on context switch
[    0.374192] Speculative Store Bypass: Vulnerable
[    0.375142] MDS: Vulnerable: Clear CPU buffers attempted, no microcode
[    0.379598] Freeing SMP alternatives memory: 36K
[    0.385525] ftrace: allocating 31588 entries in 62 pages
[    0.466783] smpboot: APIC(0) Converting physical 0 to logical package 0
[    0.468056] smpboot: Max logical packages: 1
[    0.469025] Enabling APIC mode:  Flat.  Using 1 I/O APICs
[    0.471569] ..TIMER: vector=0x30 apic1=0 pin1=2 apic2=-1 pin2=-1
[    0.580954] smpboot: CPU0: Intel(R) Core(TM) i7-8750H CPU @ 2.20GHz (family: 0x6, model: 0x9e, stepping: 0xa)
[    0.583244] Performance Events: unsupported p6 CPU model 158 no PMU driver, software events only.
[    0.593590] KVM setup paravirtual spinlock
[    0.595164] x86: Booting SMP configuration:
[    0.596078] .... node  #0, CPUs:      #1
[1266874886.089883] Initializing CPU#1
[    0.597489] kvm-clock: cpu 1, msr 0:37bfd041, secondary cpu clock
[    0.600150] mce: CPU supports 0 MCE banks
[    0.602666] x86: Booted up 1 node, 2 CPUs
[    0.603867] smpboot: Total of 2 processors activated (8831.98 BogoMIPS)
[    0.605882] devtmpfs: initialized
[    0.606871] evm: security.selinux
[    0.607747] evm: security.SMACK64
[    0.608527] evm: security.SMACK64EXEC
[    0.609386] evm: security.SMACK64TRANSMUTE
[    0.610213] evm: security.SMACK64MMAP
[    0.611297] evm: security.ima
[    0.612159] evm: security.capability
[    0.613311] clocksource: jiffies: mask: 0xffffffff max_cycles: 0xffffffff, max_idle_ns: 7645041785100000 ns
[    0.615128] futex hash table entries: 512 (order: 3, 32768 bytes)
[    0.616467] pinctrl core: initialized pinctrl subsystem
[    0.617530] RTC time: 17:20:39, date: 11/28/19
[    0.618600] NET: Registered protocol family 16
[    0.619620] EISA bus registered
[    0.629859] cpuidle: using governor ladder
[    0.642549] cpuidle: using governor menu
[    0.643367] PCCT header not found.
[    0.644159] ACPI: bus type PCI registered
[    0.645052] acpiphp: ACPI Hot Plug PCI Controller Driver version: 0.5
[    0.646511] PCI : PCI BIOS area is rw and x. Use pci=nobios if you want it NX.
[    0.648031] PCI: PCI BIOS revision 2.10 entry at 0xfda26, last bus=0
[    0.649160] PCI: Using configuration type 1 for base access
[    0.663041] ACPI: Added _OSI(Module Device)
[    0.663897] ACPI: Added _OSI(Processor Device)
[    0.664772] ACPI: Added _OSI(3.0 _SCP Extensions)
[    0.665684] ACPI: Added _OSI(Processor Aggregator Device)
[    0.667599] ACPI: Executed 1 blocks of module-level executable AML code
[    0.670906] ACPI: Interpreter enabled
[    0.671866] ACPI: (supports S0 S5)
[    0.672652] ACPI: Using IOAPIC for interrupt routing
[    0.673862] PCI: Using host bridge windows from ACPI; if necessary, use "pci=nocrs" and report a bug
[    0.689455] ACPI: PCI Root Bridge [PCI0] (domain 0000 [bus 00-ff])
[    0.690612] acpi PNP0A03:00: _OSC: OS supports [ASPM ClockPM Segments MSI]
[    0.692020] acpi PNP0A03:00: _OSC: not requesting OS control; OS requires [ExtendedConfig ASPM ClockPM MSI]
[    0.693789] acpi PNP0A03:00: fail to add MMCONFIG information, can't access extended PCI configuration space under this bridge.
[    0.695965] PCI host bridge to bus 0000:00
[    0.696751] pci_bus 0000:00: root bus resource [io  0x0000-0x0cf7 window]
[    0.697905] pci_bus 0000:00: root bus resource [io  0x0d00-0xffff window]
[    0.699046] pci_bus 0000:00: root bus resource [mem 0x000a0000-0x000bffff window]
[    0.700483] pci_bus 0000:00: root bus resource [mem 0x40000000-0xfdffffff window]
[    0.701934] pci_bus 0000:00: root bus resource [bus 00-ff]
[    0.704687] pci 0000:00:01.1: legacy IDE quirk: reg 0x10: [io  0x01f0-0x01f7]
[    0.706213] pci 0000:00:01.1: legacy IDE quirk: reg 0x14: [io  0x03f6]
[    0.707356] pci 0000:00:01.1: legacy IDE quirk: reg 0x18: [io  0x0170-0x0177]
[    0.708524] pci 0000:00:01.1: legacy IDE quirk: reg 0x1c: [io  0x0376]
[    0.720142] pci 0000:00:07.0: quirk: [io  0x4000-0x403f] claimed by PIIX4 ACPI
[    0.721877] pci 0000:00:07.0: quirk: [io  0x4100-0x410f] claimed by PIIX4 SMB
[    0.727426] ACPI: PCI Interrupt Link [LNKA] (IRQs 5 9 10 *11)
[    0.728979] ACPI: PCI Interrupt Link [LNKB] (IRQs 5 9 *10 11)
[    0.730363] ACPI: PCI Interrupt Link [LNKC] (IRQs 5 *9 10 11)
[    0.731771] ACPI: PCI Interrupt Link [LNKD] (IRQs 5 9 10 *11)
[    0.733204] ACPI: Enabled 2 GPEs in block 00 to 07
[    0.734459] vgaarb: setting as boot device: PCI:0000:00:02.0
[    0.735449] vgaarb: device added: PCI:0000:00:02.0,decodes=io+mem,owns=io+mem,locks=none
[    0.737345] vgaarb: loaded
[    0.738043] vgaarb: bridge control possible 0000:00:02.0
[    0.739312] SCSI subsystem initialized
[    0.740287] ACPI: bus type USB registered
[    0.741173] usbcore: registered new interface driver usbfs
[    0.742148] usbcore: registered new interface driver hub
[    0.743122] usbcore: registered new device driver usb
[    0.744393] PCI: Using ACPI for IRQ routing
[    0.745448] NetLabel: Initializing
[    0.746152] NetLabel:  domain hash size = 128
[    0.746981] NetLabel:  protocols = UNLABELED CIPSOv4
[    0.747883] NetLabel:  unlabeled traffic allowed by default
[    0.749063] amd_nb: Cannot enumerate AMD northbridges
[    0.750058] clocksource: Switched to clocksource kvm-clock
[    0.780284] AppArmor: AppArmor Filesystem Enabled
[    0.781316] pnp: PnP ACPI init
[    0.782643] pnp: PnP ACPI: found 3 devices
[    0.783470] PnPBIOS: Disabled by ACPI PNP
[    0.826123] clocksource: acpi_pm: mask: 0xffffff max_cycles: 0xffffff, max_idle_ns: 2085701024 ns
[    0.827803] NET: Registered protocol family 2
[    0.828754] TCP established hash table entries: 8192 (order: 3, 32768 bytes)
[    0.829958] TCP bind hash table entries: 8192 (order: 4, 65536 bytes)
[    0.831099] TCP: Hash tables configured (established 8192 bind 8192)
[    0.832182] UDP hash table entries: 512 (order: 2, 16384 bytes)
[    0.833201] UDP-Lite hash table entries: 512 (order: 2, 16384 bytes)
[    0.834311] NET: Registered protocol family 1
[    0.835176] pci 0000:00:00.0: Limiting direct PCI/PCI transfers
[    0.836230] pci 0000:00:01.0: Activating ISA DMA hang workarounds
[    0.837704] Unpacking initramfs...
[    2.311855] Freeing initrd memory: 14792K
[    2.312874] clocksource: tsc: mask: 0xffffffffffffffff max_cycles: 0x1fd3b426a0c, max_idle_ns: 440795203300 ns
[    2.314991] platform rtc_cmos: registered platform RTC device (no PNP device found)
[    2.316722] Scanning for low memory corruption every 60 seconds
[    2.318306] audit: initializing netlink subsys (disabled)
[    2.319439] audit: type=2000 audit(1574961645.626:1): initialized
[    2.321011] Initialise system trusted keyring
[    2.322120] HugeTLB registered 2 MB page size, pre-allocated 0 pages
[    2.324203] zbud: loaded
[    2.324996] VFS: Disk quotas dquot_6.6.0
[    2.325932] VFS: Dquot-cache hash table entries: 1024 (order 0, 4096 bytes)
[    2.327458] squashfs: version 4.0 (2009/01/31) Phillip Lougher
[    2.328748] fuse init (API version 7.23)
[    2.332029] Key type big_key registered
[    2.332869] Allocating IMA MOK and blacklist keyrings.
[    2.335988] Key type asymmetric registered
[    2.337328] Asymmetric key parser 'x509' registered
[    2.338465] bounce: pool size: 64 pages
[    2.339320] Block layer SCSI generic (bsg) driver version 0.4 loaded (major 249)
[    2.340974] io scheduler noop registered
[    2.341801] io scheduler deadline registered (default)
[    2.342946] io scheduler cfq registered
[    2.343916] pci_hotplug: PCI Hot Plug PCI Core version: 0.5
[    2.344970] pciehp: PCI Express Hot Plug Controller Driver version: 0.4
[    2.346257] ACPI: AC Adapter [AC] (on-line)
[    2.347168] input: Power Button as /devices/LNXSYSTM:00/LNXPWRBN:00/input/input0
[    2.348681] ACPI: Power Button [PWRF]
[    2.349504] input: Sleep Button as /devices/LNXSYSTM:00/LNXSLPBN:00/input/input1
[    2.351085] ACPI: Sleep Button [SLPF]
[    2.352082] GHES: HEST is not enabled!
[    2.353386] isapnp: Scanning for PnP cards...
[    2.354039] ACPI: Battery Slot [BAT0] (battery present)
[    2.354129] Serial: 8250/16550 driver, 32 ports, IRQ sharing enabled
[    2.374719] 00:02: ttyS0 at I/O 0x3f8 (irq = 4, base_baud = 115200) is a 16550A
[    2.376179] Linux agpgart interface v0.103
[    2.383405] loop: module loaded
[    2.384550] scsi host0: ata_piix
[    2.385342] scsi host1: ata_piix
[    2.386409] ata1: PATA max UDMA/33 cmd 0x1f0 ctl 0x3f6 bmdma 0xd000 irq 14
[    2.388009] ata2: PATA max UDMA/33 cmd 0x170 ctl 0x376 bmdma 0xd008 irq 15
[    2.389331] libphy: Fixed MDIO Bus: probed
[    2.390227] tun: Universal TUN/TAP device driver, 1.6
[    2.391208] tun: (C) 1999-2004 Max Krasnyansky <maxk@qualcomm.com>
[    2.392367] PPP generic driver version 2.4.2
[    2.393330] ehci_hcd: USB 2.0 'Enhanced' Host Controller (EHCI) Driver
[    2.394558] ehci-pci: EHCI PCI platform driver
[    2.395460] ehci-platform: EHCI generic platform driver
[    2.396425] ohci_hcd: USB 1.1 'Open' Host Controller (OHCI) Driver
[    2.397578] ohci-pci: OHCI PCI platform driver
[    2.398484] ohci-platform: OHCI generic platform driver
[    2.399440] uhci_hcd: USB Universal Host Controller Interface driver
[    2.400707] i8042: PNP: PS/2 Controller [PNP0303:PS2K,PNP0f03:PS2M] at 0x60,0x64 irq 1,12
[    2.403265] serio: i8042 KBD port at 0x60,0x64 irq 1
[    2.404654] serio: i8042 AUX port at 0x60,0x64 irq 12
[    2.405967] mousedev: PS/2 mouse device common for all mice
[    2.407363] input: AT Translated Set 2 keyboard as /devices/platform/i8042/serio0/input/input2
[    2.409302] rtc_cmos rtc_cmos: rtc core: registered rtc_cmos as rtc0
[    2.410497] rtc_cmos rtc_cmos: alarms up to one day, 114 bytes nvram
[    2.411645] i2c /dev entries driver
[    2.412484] device-mapper: uevent: version 1.0.3
[    2.413416] device-mapper: ioctl: 4.34.0-ioctl (2015-10-28) initialised: dm-devel@redhat.com
[    2.415129] platform eisa.0: Probing EISA bus 0
[    2.416063] platform eisa.0: EISA: Cannot allocate resource for mainboard
[    2.417255] platform eisa.0: Cannot allocate resource for EISA slot 1
[    2.418380] platform eisa.0: Cannot allocate resource for EISA slot 2
[    2.419878] platform eisa.0: Cannot allocate resource for EISA slot 3
[    2.421414] platform eisa.0: Cannot allocate resource for EISA slot 4
[    2.422740] platform eisa.0: Cannot allocate resource for EISA slot 5
[    2.423901] platform eisa.0: Cannot allocate resource for EISA slot 6
[    2.425034] platform eisa.0: Cannot allocate resource for EISA slot 7
[    2.426165] platform eisa.0: Cannot allocate resource for EISA slot 8
[    2.427328] platform eisa.0: EISA: Detected 0 cards
[    2.428269] cpufreq-nforce2: No nForce2 chipset.
[    2.429446] ledtrig-cpu: registered to indicate activity on CPUs
[    2.430769] NET: Registered protocol family 10
[    2.431781] NET: Registered protocol family 17
[    2.432675] Key type dns_resolver registered
[    2.433639] Using IPI No-Shortcut mode
[    2.434543] registered taskstats version 1
[    2.435381] Loading compiled-in X.509 certificates
[    2.437892] Loaded X.509 cert 'Build time autogenerated kernel key: fddb9f2cd36c8fad9a27677861b59aa5c7e88869'
[    2.439887] zswap: loaded using pool lzo/zbud
[    2.442329] Key type trusted registered
[    2.445310] Key type encrypted registered
[    2.446157] AppArmor: AppArmor sha1 policy hashing enabled
[    2.448215] ima: No TPM chip found, activating TPM-bypass!
[    2.449275] ima: Allocated hash algorithm: sha1
[    2.450448] evm: HMAC attrs: 0x1
[    2.454648]   Magic number: 11:211:341
[    2.455504] rtc_cmos rtc_cmos: setting system clock to 2019-11-28 17:20:41 UTC (1574961641)
[    2.457148] BIOS EDD facility v0.16 2004-Jun-25, 0 devices found
[    2.458365] EDD information not available.
[    2.737099] isapnp: No Plug & Play device found
[    2.738372] Freeing unused kernel memory: 936K
[    2.739420] Write protecting the kernel text: 8136k
[    2.740428] Write protecting the kernel read-only data: 3216k
[    2.741472] NX-protecting the kernel data: 6200k
Loading, please wait...
starting version 229
[    2.753200] random: systemd-udevd: uninitialized urandom read (16 bytes read, 0 bits of entropy available)
[    2.753694] random: udevadm: uninitialized urandom read (16 bytes read, 0 bits of entropy available)
[    2.757146] random: systemd-udevd: uninitialized urandom read (16 bytes read, 0 bits of entropy available)
[    2.759019] random: systemd-udevd: uninitialized urandom read (16 bytes read, 0 bits of entropy available)
[    2.763454] random: systemd-udevd: uninitialized urandom read (16 bytes read, 0 bits of entropy available)
[    2.772307] random: udevadm: uninitialized urandom read (16 bytes read, 0 bits of entropy available)
[    2.785226] random: udevadm: uninitialized urandom read (16 bytes read, 0 bits of entropy available)
[    2.787284] random: udevadm: uninitialized urandom read (16 bytes read, 0 bits of entropy available)
[    2.789153] random: udevadm: uninitialized urandom read (16 bytes read, 0 bits of entropy available)
[    2.790965] random: udevadm: uninitialized urandom read (16 bytes read, 0 bits of entropy available)
[    2.813368] Fusion MPT base driver 3.04.20
[    2.814278] Copyright (c) 1999-2008 LSI Corporation
[    2.835576] e1000: Intel(R) PRO/1000 Network Driver - version 7.3.21-k8-NAPI
[    2.836850] e1000: Copyright (c) 1999-2006 Intel Corporation.
[    2.853838] Fusion MPT SPI Host driver 3.04.20
[    3.072478] input: ImExPS/2 Generic Explorer Mouse as /devices/platform/i8042/serio1/input/input4
[    3.203150] e1000 0000:00:03.0 eth0: (PCI:33MHz:32-bit) 02:76:0b:10:b8:88
[    3.204584] e1000 0000:00:03.0 eth0: Intel(R) PRO/1000 Network Connection
[    3.206796] mptbase: ioc0: Initiating bringup
[    3.206879] e1000 0000:00:03.0 enp0s3: renamed from eth0
[    3.282365] ioc0: LSI53C1030 A0: Capabilities={Initiator}
[    4.182526] scsi host2: ioc0: LSI53C1030 A0, FwRev=00000000h, Ports=1, MaxQ=256, IRQ=20
[    4.455757] scsi 2:0:0:0: Direct-Access     VBOX     HARDDISK         1.0  PQ: 0 ANSI: 5
[    4.457585] scsi target2:0:0: Beginning Domain Validation
[    4.460510] scsi target2:0:0: Domain Validation skipping write tests
[    4.461630] scsi target2:0:0: Ending Domain Validation
[    4.462676] scsi target2:0:0: asynchronous
[    4.463943] scsi 2:0:1:0: Direct-Access     VBOX     HARDDISK         1.0  PQ: 0 ANSI: 5
[    4.465517] scsi target2:0:1: Beginning Domain Validation
[    4.467245] scsi target2:0:1: Domain Validation skipping write tests
[    4.468492] scsi target2:0:1: Ending Domain Validation
[    4.469769] scsi target2:0:1: asynchronous
[    4.477884] sd 2:0:0:0: Attached scsi generic sg0 type 0
[    4.479579] sd 2:0:0:0: [sda] 20971520 512-byte logical blocks: (10.7 GB/10.0 GiB)
[    4.481708] sd 2:0:1:0: [sdb] 20480 512-byte logical blocks: (10.5 MB/10.0 MiB)
[    4.481752] sd 2:0:1:0: Attached scsi generic sg1 type 0
[    4.481968] sd 2:0:0:0: [sda] Write Protect is off
[    4.482106] sd 2:0:0:0: [sda] Incomplete mode parameter data
[    4.482107] sd 2:0:0:0: [sda] Assuming drive cache: write through
[    4.483776]  sda: sda1
[    4.484772] sd 2:0:0:0: [sda] Attached SCSI disk
[    4.489670] sd 2:0:1:0: [sdb] Write Protect is off
[    4.490934] sd 2:0:1:0: [sdb] Incomplete mode parameter data
[    4.491954] sd 2:0:1:0: [sdb] Assuming drive cache: write through
[    4.497021] sd 2:0:1:0: [sdb] Attached SCSI disk
Begin: Loading essential drivers ... [    5.887797] md: linear personality registered for level -1
[    5.892147] md: multipath personality registered for level -4
[    5.896348] md: raid0 personality registered for level 0
[    5.902532] md: raid1 personality registered for level 1
[    5.974364] raid6: mmxx1    gen()  7724 MB/s
[    6.042632] raid6: mmxx2    gen()  7958 MB/s
[    6.110083] raid6: sse1x1   gen()  6794 MB/s
[    6.179279] raid6: sse1x2   gen()  7875 MB/s
[    6.246693] raid6: sse2x1   gen() 13910 MB/s
[    6.314773] raid6: sse2x1   xor()  9959 MB/s
[    6.382872] raid6: sse2x2   gen() 16918 MB/s
[    6.450556] raid6: sse2x2   xor() 11387 MB/s
[    6.518757] raid6: avx2x1   gen() 27329 MB/s
[    6.586938] raid6: avx2x2   gen() 31309 MB/s
[    6.587805] raid6: using algorithm avx2x2 gen() 31309 MB/s
[    6.588827] raid6: using avx2x1 recovery algorithm
[    6.592213] xor: automatically using best checksumming function:
[    6.630351]    avx       : 28151.000 MB/sec
[    6.633380] async_tx: api initialized (async)
[    6.651436] md: raid6 personality registered for level 6
[    6.652446] md: raid5 personality registered for level 5
[    6.653618] md: raid4 personality registered for level 4
[    6.662690] md: raid10 personality registered for level 10
done.
Begin: Running /scripts/init-premount ... done.
Begin: Mounting root file system ... Begin: Running /scripts/local-top ... done.
Begin: Running /scripts/local-premount ... [    6.697425] Btrfs loaded
Scanning for Btrfs filesystems
done.
Warning: fsck not present, so skipping root file system
[    6.719807] EXT4-fs (sda1): INFO: recovery required on readonly filesystem
[    6.720994] EXT4-fs (sda1): write access will be enabled during recovery
[    6.762152] EXT4-fs (sda1): recovery complete
[    6.763151] EXT4-fs (sda1): mounted filesystem with ordered data mode. Opts: (null)
done.
Begin: Running /scripts/local-bottom ... done.
Begin: Running /scripts/init-bottom ... done.
[    6.848361] systemd[1]: systemd 229 running in system mode. (+PAM +AUDIT +SELINUX +IMA +APPARMOR +SMACK +SYSVINIT +UTMP +LIBCRYPTSETUP +GCRYPT +GNUTLS +ACL +XZ -LZ4 +SECCOMP +BLKID +ELFUTILS +KMOD -IDN)
[    6.851655] systemd[1]: Detected virtualization oracle.
[    6.852700] systemd[1]: Detected architecture x86.

Welcome to [1mUbuntu 16.04.6 LTS[0m!

[    6.863521] systemd[1]: Set hostname to <ubuntu-xenial>.
[    6.984256] systemd[1]: Listening on udev Kernel Socket.
[[0;32m  OK  [0m] Listening on udev Kernel Socket.
[    6.986067] systemd[1]: Listening on Journal Audit Socket.
[[0;32m  OK  [0m] Listening on Journal Audit Socket.
[    6.987845] systemd[1]: Listening on LVM2 metadata daemon socket.
[[0;32m  OK  [0m] Listening on LVM2 metadata daemon socket.
[    6.989707] systemd[1]: Listening on udev Control Socket.
[[0;32m  OK  [0m] Listening on udev Control Socket.
[    6.991411] systemd[1]: Reached target Swap.
[[0;32m  OK  [0m] Reached target Swap.
[    6.992817] systemd[1]: Listening on Device-mapper event daemon FIFOs.
[[0;32m  OK  [0m] Listening on Device-mapper event daemon FIFOs.
[    7.003130] systemd[1]: Listening on /dev/initctl Compatibility Named Pipe.
[[0;32m  OK  [0m] Listening on /dev/initctl Compatibility Named Pipe.
[    7.005118] systemd[1]: Listening on Journal Socket.
[[0;32m  OK  [0m] Listening on Journal Socket.
[    7.006730] systemd[1]: Created slice User and Session Slice.
[[0;32m  OK  [0m] Created slice User and Session Slice.
[    7.008246] systemd[1]: Reached target User and Group Name Lookups.
[[0;32m  OK  [0m] Reached target User and Group Name Lookups.
[    7.020150] systemd[1]: Created slice System Slice.
[[0;32m  OK  [0m] Created slice System Slice.
[    7.030889] systemd[1]: Starting Remount Root and Kernel File Systems...
         Starting Remount Root and Kernel File Systems...
[    7.033573] systemd[1]: Starting Uncomplicated firewall...
         Starting Uncomplicated firewall...
[    7.036217] systemd[1]: Mounting Debug File System...
         Mounting Debug File System...
[    7.037783] systemd[1]: Listening on Syslog Socket.
[[0;32m  OK  [0m] Listening on Syslog Socket.
[    7.040350] EXT4-fs (sda1): re-mounted. Opts: (null)
[    7.047589] systemd[1]: Mounting Huge Pages File System...
         Mounting Huge Pages File System...
[    7.049651] systemd[1]: Starting Nameserver information manager...
         Starting Nameserver information manager...
[    7.059287] systemd[1]: Mounting POSIX Message Queue File System...
         Mounting POSIX Message Queue File System...
[    7.061933] systemd[1]: Reached target Slices.
[[0;32m  OK  [0m] Reached target Slices.
[    7.063604] systemd[1]: Set up automount Arbitrary Executable File Formats File System Automount Point.
[[0;32m  OK  [0m] Set up automount Arbitrary Executab...ats File System Automount Point.
[    7.075712] systemd[1]: Reached target System Time Synchronized.
[[0;32m  OK  [0m] Reached target System Time Synchronized.
[    7.082999] systemd[1]: Starting Create list of required static device nodes for the current kernel...
         Starting Create list of required st... nodes for the current kernel...
[    7.086262] systemd[1]: Listening on Journal Socket (/dev/log).
[[0;32m  OK  [0m] Listening on Journal Socket (/dev/log).
[    7.094908] systemd[1]: Starting Journal Service...
         Starting Journal Service...
[    7.099502] systemd[1]: Starting Set console keymap...
         Starting Set console keymap...
[    7.108195] systemd[1]: Starting Load Kernel Modules...
         Starting Load Kernel Modules...
[    7.109830] systemd[1]: Reached target Encrypted Volumes.
[[0;32m  OK  [0m] Reached target Encrypted Volumes.
[    7.114863] systemd[1]: Started Forward Password Requests to Wall Directory Watch.
[[0;32m  OK  [0m] Started Forward Password Requests to Wall Directory Watch.
[    7.118254] systemd[1]: Listening on LVM2 poll daemon socket.
[[0;32m  OK  [0m] Listening on LVM2 poll daemon socket.
[    7.120045] Loading iSCSI transport class v2.0-870.
[    7.120095] systemd[1]: Started Trigger resolvconf update for networkd DNS.
[[0;32m  OK  [0m] Started Trigger resolvconf update for networkd DNS.
[    7.123251] systemd[1]: Created slice system-serial\x2dgetty.slice.
[[0;32m  OK  [0m] Created slice system-serial\x2dgetty.slice.
[    7.125647] systemd[1]: Starting Monitoring of LVM2 mirrors, snapshots etc. using dmeventd or progress polling...
         Starting Monitoring of LVM2 mirrors... dmeventd or progress polling...
[    7.135279] systemd[1]: Mounted Huge Pages File System.
[[0;32m  OK  [0m] Mounted Huge Pages File System.
[    7.144590] systemd[1]: Mounted Debug File System.
[[0;32m  OK  [0m] Mounted Debug File System.
[    7.146202] systemd[1]: Mounted POSIX Message Queue File System.
[[0;32m  OK  [0m] Mounted POSIX Message Queue File System.
[    7.147943] systemd[1]: Started Journal Service.
[[0;32m  OK  [0m] Started Journal Service.
[    7.150945] iscsi: registered transport (tcp)
[[0;32m  OK  [0m] Started Remount Root and Kernel File Systems.
[[0;32m  OK  [0m] Started Uncomplicated firewall.
[[0;32m  OK  [0m] Started Create list of required sta...ce nodes for the current kernel.
[[0;32m  OK  [0m] Started Nameserver information manager.
[    7.189462] iscsi: registered transport (iser)
[[0;32m  OK  [0m] Started Load Kernel Modules.
[[0;32m  OK  [0m] Started Set console keymap.
         Mounting FUSE Control File System...
         Starting Apply Kernel Variables...
[[0;32m  OK  [0m] Started LVM2 metadata daemon.
         Starting Create Static Device Nodes in /dev...
         Starting Load/Save Random Seed...
         Starting udev Coldplug all Devices...
         Starting Flush Journal to Persistent Storage...
[[0;32m  OK  [0m] Mounted FUSE Control File System.
[[0;32m  OK  [0m] Started Apply Kernel Variables.
[[0;32m  OK  [0m] Started Load/Save Random Seed.
[[0;32m  OK  [0m] Started udev Coldplug all Devices.
[[0;32m  OK  [0m] Started Create Static Device Nodes in /dev.
[[0;32m  OK  [0m] Started Flush Journal to Persistent Storage.
         Starting udev Kernel Device Manager...
[[0;32m  OK  [0m] Started udev Kernel Device Manager.
[[0;32m  OK  [0m] Started Dispatch Password Requests to Console Directory Watch.
[[0;32m  OK  [0m] Started Monitoring of LVM2 mirrors,...ng dmeventd or progress polling.
[[0;32m  OK  [0m] Reached target Local File Systems (Pre).
[[0;32m  OK  [0m] Reached target Local File Systems.
         Starting Tell Plymouth To Write Out Runtime Data...
         Starting LSB: AppArmor initialization...
         Starting Create Volatile Files and Directories...
         Starting Set console font and keymap...
         Starting Initial cloud-init job (pre-networking)...
[[0;32m  OK  [0m] Started Tell Plymouth To Write Out Runtime Data.
[[0;32m  OK  [0m] Started Create Volatile Files and Directories.
         Starting Update UTMP about System Boot/Shutdown...
[[0;32m  OK  [0m] Started Update UTMP about System Boot/Shutdown.
[[0;32m  OK  [0m] Started LSB: AppArmor initialization.
[[0;32m  OK  [0m] Found device /dev/ttyS0.
[[0;32m  OK  [0m] Listening on Load/Save RF Kill Switch Status /dev/rfkill Watch.
[[0;32m  OK  [0m] Found device 82540EM Gigabit Ethern...r (PRO/1000 MT Desktop Adapter).
[[0;32m  OK  [0m] Started Set console font and keymap.
[[0;32m  OK  [0m] Created slice system-getty.slice.
[    8.254845] cloud-init[498]: Cloud-init v. 19.1-1-gbaa47854-0ubuntu1~16.04.1 running 'init-local' at Thu, 28 Nov 2019 17:20:47 +0000. Up 7.84 seconds.
[[0;32m  OK  [0m] Started Initial cloud-init job (pre-networking).
[[0;32m  OK  [0m] Reached target Network (Pre).
[[0;32m  OK  [0m] Started ifup for enp0s3.
         Starting Raise network interfaces...
[[0;32m  OK  [0m] Started Raise network interfaces.
[[0;32m  OK  [0m] Reached target Network.
         Starting Initial cloud-init job (metadata service crawler)...
[    9.195682] cloud-init[977]: Cloud-init v. 19.1-1-gbaa47854-0ubuntu1~16.04.1 running 'init' at Thu, 28 Nov 2019 17:20:48 +0000. Up 8.87 seconds.
[    9.204373] cloud-init[977]: ci-info: +++++++++++++++++++++++++++++++++++++Net device info++++++++++++++++++++++++++++++++++++++
[    9.205510] cloud-init[977]: ci-info: +--------+------+---------------------------+---------------+--------+-------------------+
[    9.206688] cloud-init[977]: ci-info: | Device |  Up  |          Address          |      Mask     | Scope  |     Hw-Address    |
[    9.207853] cloud-init[977]: ci-info: +--------+------+---------------------------+---------------+--------+-------------------+
[    9.209322] cloud-init[977]: ci-info: | enp0s3 | True |         10.0.2.15         | 255.255.255.0 | global | 02:76:0b:10:b8:88 |
[    9.210667] cloud-init[977]: ci-info: | enp0s3 | True | fe80::76:bff:fe10:b888/64 |       .       |  link  | 02:76:0b:10:b8:88 |
[    9.212080] cloud-init[977]: ci-info: |   lo   | True |         127.0.0.1         |   255.0.0.0   |  host  |         .         |
[    9.213563] cloud-init[977]: ci-info: |   lo   | True |          ::1/128          |       .       |  host  |         .         |
[    9.215051] cloud-init[977]: ci-info: +--------+------+---------------------------+---------------+--------+-------------------+
[    9.216475] cloud-init[977]: ci-info: +++++++++++++++++++++++++++Route IPv4 info++++++++++++++++++++++++++++
[    9.217765] cloud-init[977]: ci-info: +-------+-------------+----------+---------------+-----------+-------+
[    9.219060] cloud-init[977]: ci-info: | Route | Destination | Gateway  |    Genmask    | Interface | Flags |
[    9.220245] cloud-init[977]: ci-info: +-------+-------------+----------+---------------+-----------+-------+
[    9.221544] cloud-init[977]: ci-info: |   0   |   0.0.0.0   | 10.0.2.2 |    0.0.0.0    |   enp0s3  |   UG  |
[    9.222865] cloud-init[977]: ci-info: |   1   |   10.0.2.0  | 0.0.0.0  | 255.255.255.0 |   enp0s3  |   U   |
[    9.224179] cloud-init[977]: ci-info: +-------+-------------+----------+---------------+-----------+-------+
[    9.225415] cloud-init[977]: ci-info: +++++++++++++++++++Route IPv6 info+++++++++++++++++++
[    9.232607] cloud-init[977]: ci-info: +-------+-------------+---------+-----------+-------+
[    9.240496] cloud-init[977]: ci-info: | Route | Destination | Gateway | Interface | Flags |
[    9.248658] cloud-init[977]: ci-info: +-------+-------------+---------+-----------+-------+
[[0;32m  OK  [0m] Started Initial cloud-init job (metadata service crawler).
[    9.248808] cloud-init[977]: ci-info: |   0   |  fe80::/64  |    ::   |   enp0s3  |   U   |
[    9.250522] cloud-init[977]: ci-info: |   3   |   ff00::/8  |    ::   |   enp0s3  |   U   |
[    9.251559] cloud-init[977]: ci-info: +-------+-------------+---------+-----------+-------+
[[0;32m  OK  [0m] Reached target Network is Online.
         Starting iSCSI initiator daemon (iscsid)...
[[0;32m  OK  [0m] Reached target System Initialization.
         Starting Socket activation for snappy daemon.
[[0;32m  OK  [0m] Listening on UUID daemon activation socket.
[[0;32m  OK  [0m] Started Daily Cleanup of Temporary Directories.
[[0;32m  OK  [0m] Started ACPI Events Check.
[[0;32m  OK  [0m] Reached target Paths.
[[0;32m  OK  [0m] Started Daily apt download activities.
[[0;32m  OK  [0m] Started Daily apt upgrade and clean activities.
[[0;32m  OK  [0m] Reached target Timers.
         Starting LXD - unix socket.
[[0;32m  OK  [0m] Listening on D-Bus System Message Bus Socket.
[[0;32m  OK  [0m] Listening on ACPID Listen Socket.
[[0;32m  OK  [0m] Reached target Cloud-config availability.
[[0;32m  OK  [0m] Listening on Socket activation for snappy daemon.
[[0;32m  OK  [0m] Listening on LXD - unix socket.
[[0;32m  OK  [0m] Started iSCSI initiator daemon (iscsid).
         Starting Login to default iSCSI targets...
[[0;32m  OK  [0m] Reached target Sockets.
[[0;32m  OK  [0m] Reached target Basic System.
[[0;32m  OK  [0m] Started Deferred execution scheduler.
[[0;32m  OK  [0m] Started Regular background program processing daemon.
[[0;32m  OK  [0m] Started ACPI event daemon.
         Starting LSB: Record successful boot for GRUB...
         Starting LSB: MD monitoring daemon...
         Starting System Logging Service...
[[0;32m  OK  [0m] Started FUSE filesystem for LXC.
         Starting Accounts Service...
[[0;32m  OK  [0m] Started D-Bus System Message Bus.
         Starting /etc/rc.local Compatibility...
         Starting OpenBSD Secure Shell server...
         Starting LXD - container startup/shutdown...
         Starting Login Service...
         Starting Virtualbox guest utils...
         Starting Snappy daemon...
[[0;32m  OK  [0m] Started System Logging Service.
[[0;32m  OK  [0m] Started /etc/rc.local Compatibility.
[[0;32m  OK  [0m] Started OpenBSD Secure Shell server.
[[0;32m  OK  [0m] Started Login to default iSCSI targets.
[[0;32m  OK  [0m] Started LXD - container startup/shutdown.
[[0;32m  OK  [0m] Started LSB: MD monitoring daemon.
[[0;32m  OK  [0m] Started LSB: Record successful boot for GRUB.
[[0;32m  OK  [0m] Started Snappy daemon.
         Starting Wait until snapd is fully seeded...
         Starting Authenticate and Authorize Users to Run Privileged Tasks...
[[0;32m  OK  [0m] Reached target Remote File Systems (Pre).
[[0;32m  OK  [0m] Reached target Remote File Systems.
         Starting Permit User Sessions...
         Starting LSB: daemon to balance interrupts for SMP systems...
         Starting LSB: Set the CPU Frequency Scaling governor to "ondemand"...
         Starting LSB: automatic crash report generation...
[[0;32m  OK  [0m] Started Virtualbox guest utils.
[[0;32m  OK  [0m] Started Permit User Sessions.
[[0;32m  OK  [0m] Started Login Service.
[[0;32m  OK  [0m] Started Authenticate and Authorize Users to Run Privileged Tasks.
[[0;32m  OK  [0m] Started Wait until snapd is fully seeded.
[[0;32m  OK  [0m] Started Accounts Service.
         Starting Apply the settings specified in cloud-config...
[[0;32m  OK  [0m] Started Unattended Upgrades Shutdown.
         Starting Hold until boot process finishes up...
         Starting Terminate Plymouth Boot Screen...
[[0;32m  OK  [0m] Started LSB: daemon to balance interrupts for SMP systems.
[[0;32m  OK  [0m] Started LSB: Set the CPU Frequency Scaling governor to "ondemand".
[[0;32m  OK  [0m] Started LSB: automatic crash report generation.
[[0;32m  OK  [0m] Started Hold until boot process finishes up.
[[0;32m  OK  [0m] Started Terminate Plymouth Boot Screen.
[[0;32m  OK  [0m] Started Serial Getty on ttyS0.
         Starting Set console scheme...
[[0;32m  OK  [0m] Started Getty on tty1.
[[0;32m  OK  [0m] Reached target Login Prompts.
[[0;32m  OK  [0m] Reached target Multi-User System.
[[0;32m  OK  [0m] Reached target Graphical Interface.
         Starting Update UTMP about System Runlevel Changes...
[[0;32m  OK  [0m] Started Set console scheme.
[[0;32m  OK  [0m] Started Update UTMP about System Runlevel Changes.
[   10.378768] cloud-init[1204]: Cloud-init v. 19.1-1-gbaa47854-0ubuntu1~16.04.1 running 'modules:config' at Thu, 28 Nov 2019 17:20:49 +0000. Up 10.25 seconds.
[[0;32m  OK  [0m] Started Apply the settings specified in cloud-config.
         Starting Execute cloud user/final scripts...
[   10.959061] cloud-init[1249]: Cloud-init v. 19.1-1-gbaa47854-0ubuntu1~16.04.1 running 'modules:final' at Thu, 28 Nov 2019 17:20:50 +0000. Up 10.82 seconds.
[   10.968498] cloud-init[1249]: Cloud-init v. 19.1-1-gbaa47854-0ubuntu1~16.04.1 finished at Thu, 28 Nov 2019 17:20:50 +0000. Datasource DataSourceNoCloud [seed=/dev/sdb][dsmode=net].  Up 10.95 seconds
[[0;32m  OK  [0m] Started Execute cloud user/final scripts.
[[0;32m  OK  [0m] Reached target Cloud-init target.
         Starting Daily apt download activities...
[[0;32m  OK  [0m] Created slice User Slice of vagrant.
         Starting User Manager for UID 1000...
[[0;32m  OK  [0m] Started Session 1 of user vagrant.
[[0;32m  OK  [0m] Started User Manager for UID 1000.

Ubuntu 16.04.6 LTS ubuntu-xenial ttyS0

ubuntu-xenial login: 